<?xml version="1.0" encoding="UTF-8"?>
<!-- Generated by org.testng.reporters.JUnitXMLReporter -->
<testsuite hostname="DESKTOP-TLIRE04" ignored="1" name="Test(failed)" tests="1" failures="0" timestamp="2022-02-01T11:31:56 IST" time="32.937" errors="0">
  <testcase name="createLead" time="18.827" classname="DemoTest.CreateLeadTest"/>
  <testcase name="createLeadType" time="0.0" classname="DemoTest.CreateLeadTest">
    <ignored/>
  </testcase> <!-- createLeadType -->
</testsuite> <!-- Test(failed) -->
