<?xml version="1.0" encoding="UTF-8"?>
<testng-results skipped="0" failed="0" ignored="1" total="2" passed="1">
  <reporter-output>
  </reporter-output>
  <suite name="Suite" duration-ms="73890" started-at="2022-01-26T21:52:04 IST" finished-at="2022-01-26T21:53:18 IST">
    <groups>
      <group name="smokeTest">
        <method signature="CreateLeadTest.createLead()[pri:0, instance:DemoTest.CreateLeadTest@5ed828d]" name="createLead" class="DemoTest.CreateLeadTest"/>
      </group> <!-- smokeTest -->
    </groups>
    <test name="Test" duration-ms="73890" started-at="2022-01-26T21:52:04 IST" finished-at="2022-01-26T21:53:18 IST">
      <class name="DemoTest.CreateLeadTest">
        <test-method status="PASS" signature="configBS()[pri:0, instance:DemoTest.CreateLeadTest@5ed828d]" name="configBS" is-config="true" duration-ms="11" started-at="2022-01-26T21:52:04 IST" finished-at="2022-01-26T21:52:04 IST">
          <reporter-output>
          </reporter-output>
        </test-method> <!-- configBS -->
        <test-method status="PASS" signature="configBC()[pri:0, instance:DemoTest.CreateLeadTest@5ed828d]" name="configBC" is-config="true" duration-ms="21460" started-at="2022-01-26T21:52:04 IST" finished-at="2022-01-26T21:52:26 IST">
          <reporter-output>
          </reporter-output>
        </test-method> <!-- configBC -->
        <test-method status="PASS" signature="configBM()[pri:0, instance:DemoTest.CreateLeadTest@5ed828d]" name="configBM" is-config="true" duration-ms="8611" started-at="2022-01-26T21:52:26 IST" finished-at="2022-01-26T21:52:35 IST">
          <reporter-output>
          </reporter-output>
        </test-method> <!-- configBM -->
        <test-method status="PASS" signature="createLead()[pri:0, instance:DemoTest.CreateLeadTest@5ed828d]" name="createLead" duration-ms="43459" started-at="2022-01-26T21:52:35 IST" finished-at="2022-01-26T21:53:18 IST">
          <reporter-output>
          </reporter-output>
        </test-method> <!-- createLead -->
      </class> <!-- DemoTest.CreateLeadTest -->
    </test> <!-- Test -->
  </suite> <!-- Suite -->
</testng-results>
